10010 RHT-1/RHT-2 +50
10011 RHT-1/RHT-2 +50
10012 RHT-1/RHT-2 +50
10013 RHT-1/RHT-2 +50
10014 RHT-1/RHT-2 +100
10015 RHT-1/RHT-2 +100
10016 RHT-1/RHT-2 +100
10017 RHT-1/RHT-2 +100
10018 RHT-1/RHT-2 +100
10019 RHT-1/RHT-2 +100
10020 RHT-1/RHT-2 +100
10021 RHT-1/RHT-2 +100
10022 RHT-1/RHT-2 +200
10023 RHT-1/RHT-2 +200
10024 RHT-1/RHT-2 +200
10025 RHT-1/RHT-2 +200
10026 RHT-1/RHT-2 +200
10027 RHT-1/RHT-2 +200
10028 RHT-1/RHT-2 +200
10029 RHT-1/RHT-2 +200
10030 RHT-1/RHT-2 +200
10031 RHT-1/RHT-2 +400
10032 RHT-1/RHT-2 +400
10033 RHT-1/RHT-2 +400
10034 RHT-1/RHT-2 +400
10035 RHT-1/RHT-2 +400
10036 RHT-1/RHT-2 +400
10037 RHT-1/RHT-2 +400
10038 RHT-4/RHT-3 +50
10039 RHT-4/RHT-3 +50
10040 RHT-4/RHT-3 +50
10041 RHT-4/RHT-3 +50
10042 RHT-4/RHT-3 +50
10043 RHT-4/RHT-3 +100
10044 RHT-4/RHT-3 +100
10045 RHT-4/RHT-3 +100
10046 RHT-4/RHT-3 +100
10047 RHT-4/RHT-3 +100
10048 RHT-4/RHT-3 +100
10049 RHT-4/RHT-3 +200
10050 RHT-4/RHT-3 +200
10051 RHT-4/RHT-3 +200
10052 RHT-4/RHT-3 +200
10053 RHT-4/RHT-3 +400
10054 RHT-4/RHT-3 +400
10055 RHT-4/RHT-3 +400
10056 RHT-4/RHT-3 +400
10057 RHT-4/RHT-3 +400
11000 RHT-1/RHT-2 +400
11001 RHT-1/RHT-2 +800
11002 RHT-1/RHT-2 +800
11003 RHT-1/RHT-2 +800
11004 RHT-1/RHT-2 -400
11005 RHT-1/RHT-2 -800
11006 RHT-1/RHT-2 +100
11007 RHT-1/RHT-2 +200
11008 RHT-1/RHT-2 -100
11009 RHT-1/RHT-2 -200
11011 RHT-1/RHT-2 -400
12000 RHT-1/RHT-2 +100
12001 RHT-1/RHT-2 +200
12002 RHT-1/RHT-2 +400
12003 RHT-1/RHT-2 +800
12004 RHT-1/RHT-2 +890
12005 RHT-1/RHT-2 +1000
12006 A230-7 +50/-50
12007 RHT-1/RHT-2 -100
12008 RHT-1/RHT-2 -200
12009 RHT-1/RHT-2 -400
12010 RHT-1/RHT-2 -800
12011 RHT-1/RHT-2 -800
12012 RHT-1/RHT-2 -1000
13000 CD113 +1100
13001 CD113 +1100
13002 CD113 +1100
13003 T15-33 +1100
13004 T15-33 +1100
13005 CD113 +1100
13006 T15-33 +500
13007 CD113 +500
13008 T15-33 -1100
13009 T15-33 -1100
13010 T15-33 -500
13011 CD113 -1100
13012 T15-33 -500
13013 CD113 -500
13014 L107-9 -1100
13015 RHT-1/RHT-2 -1100
13016 RHT-1/RHT-2 -500
13017 RHT-4 -500
13018 RHT-1/RHT-2 +1100
13022 L107-9 +500
13023 L107-9 -500
13024 L107-9 -500
13025 L107-9 +1100
13026 L107-9 +1100
13994 CD182 -50
13995 CD182 -25
14000 CD182 -25
14001 CD182 -25
14002 CD182 -25
14003 CD182 -25
14004 CD182 -25
14005 CD182 -50
14006 CD182 -100
14007 CD182 -150
14008 CD182 -200
14009 CD182 -400
14010 CD182 -600
14011 CD182 -800
14012 CD182 +25
14013 CD182 +50
14014 CD182 +100
14015 CD182 +150
14016 CD182 +200
14017 CD182 +400
14018 CD182 +600
14019 CD182 +800
14020 CD182 +1000
14021 T15-43 +500
14022 T15-43 +1100
14023 T15-43 -500
14024 T15-43 -1100
14100 T15-43 +500
14101 T15-33 +500
14102 T15-43 +1100
14103 T15-43 +1100
14104 T15-43 +1100
14105 T15-43 +1100
14106 T15-43 -500
14107 T15-43 -1100
14108 T15-43 -1100
14109 T15-43 -1100
14110 T15-43 -1100
14111 T15-33 +1100
14112 T15-43 +1100
14113 T15-33 -500
14114 T15-33 -1100
14200 T15-33 +500
14201 T15-33 +1100
14202 T15-33 +1100
14203 T15-43 +500
14204 T15-43 +1100
14205 T15-43 +1100
15000 CD181 +400
15001 CD181 +800
15002 CD181 +800
15003 L107-10/L114-13 +500
15004 L107-10/L114-13 +1100
15005 L107-10/L114-13 +1100
15006 CD181 -400
15007 CD181 -800
15008 CD181 -800
15009 L107-10/L114-13 -500
15010 SO207-3 -500
15011 L107-10/L114-13 -1000
15012 L107-10/L114-13 -1000
15013 SO207-3 -300
15014 SO207-3 +300
15015 SO207-3 +500
15016 CD181 +400
15017 CD181 +800
15018 CD181 +600
15100 L107-11 +500V
15101 B-DDL4/B-DDL2 +400V
15102 L107-11 -500V
15103 B-DDL4/B-DDL2 -400V
15104 L107-11 -1000V
15105 L107-11 -1100
15200 S207-2 +500
15201 L107-2/L107-5 +500
15202 S207-2 +1000
15203 S207-2 -500
15204 L107-2/L107-5 +1000
15205 S207-2 -1000
15206 L107-2/L107-5 -500
15207 L107-2/L107-5 -1000
15208 CD181 +400
15209 CD181 +800
15210 SO207-3 +500
15211 SO207-3 +1000
15212 CD181 -400
15213 SO207-3 -500
15214 SO207-3 -1000
15215 CD181 -800
15216 L107-10/L107-11 +500
15217 SO207-3 -1000
15218 L107-10/L107-11 +1000
15219 L107-10/L107-11 +1000
15220 SO207-3 -1000
15221 L107-10/L107-11 -500
15222 L107-10/L107-11 -1000
16000 PW205B/LSC1 +500
16001 PW205B/LSC1 +1000
16002 T15-43 +500
16003 T15-43 +1000
16004 PW205B/LSC1 -500
16005 PW205B/LSC1 -1000
16006 T15-43 -500
16007 T15-43 -1000
16008 L107-10/L107-11 +500
16009 L107-10/L107-11 +1000
16010 L107-10/L107-11 -500
16011 L107-10/L107-11 -1000
16100 L107-10/PW205C +500
16101 L107-10/PW205C +600
16102 L107-10/PW205C -500
16103 L107-10/PW205C -600
16104 L107-10/PW205C -600
16105 L107-10/PW205C +500
16106 L107-10/PW205C +500
16107 L107-10/PW205C +600
16108 L107-10/PW205C +600
16200 CD181 +400
16201 CD181 +800
16202 CD181 -400
16203 CD181 -800
16300 CD181 +400
16301 CD181 +800
16302 PW205B/L107-9 +500
16303 PW205B/L107-9 +1050
16304 PW205C +500
16305 PW205C +800
16306 PW205B/L107-9 -500
16307 PW205B/L107-9 -1050
16308 PW205C -500
16309 PW205C -800
16310 RHT-1/RHT-2 +500
16311 RHT-1/RHT-2 +1050
16312 RHT-1/RHT-2 +1050
16313 CD181 -400
16314 CD181 -800
16315 RHT-1/RHT-2 -500
16316 RHT-1/RHT-2 -1050
16999 PW205B/PW205A +500
17000 PW205B/PW205A +500
17001 PW205B/PW205A +1050
17002 PW206B/PW205E +500
17003 PW206B/PW205E +500
17004 PW206B/PW205E -450
17005 3DpCVD1 +50
17006 3DpCVD1/3DscCVD1 +50/+30
17007 3DpCVD1/3DscCVD1 +50/+50
17008 3DpCVD1/3DscCVD1 -50/-50
17009 3DpCVD1/3DscCVD1 -50/-50
17010 3DpCVD1/3DscCVD1 -50/-50
17011 3DpCVD1/3DscCVD1 -50/-50
17100 PW205B +500
17101 PW205B +1050
17102 PW205B -500
17103 PW205B -500
17104 PW205B -1050
17105 PW205A +500
17106 PW205A -500
17107 3DpCVD2/3DscCVD2 +25/+25/+500
17108 3DpCVD2/3DscCVD2 -25/-25/-500
17200 3DpCVD2 +25/+500
17201 3DpCVD2 +40/+500
17202 3DpCVD2 +40/+500
17203 3DpCVD2 -25/-500
17204 3DpCVD2 -40/-500
17205 3DscCVD1 +25/+500
17206 3DscCVD1 +40/+500
17207 PW205B +500
17208 PW205B +1050
17209 3DscCVD2 +25/+500
17210 PW205B -500
17211 PW205B -1050
17212 3DscCVD2 +40/+500
17213 PW205A +700
17214 PW205A -700
17215 3DscCVD2 +60/+500
17216 3DscCVD2 -25/-500
17217 3DscCVD2 -40/-500
17218 3DscCVD2 -60/-500
17300 PW205A +500
17301 B-DDL4 +400
17302 B-DDL4 +800
17303 PW205A -500
17304 B-DDL4 -400
17305 B-DDL4 -800
17306 UT-29 +500
17307 UT-29 +1050
17308 UT-29 -500
17309 UT-29 -1050
